---------------------------------------------------------------
[ 2019-11-15T09:25:49+08:00 ] 127.0.0.1 GET www.sm.cn/admin.php/general/config?ref=addtabs
[è¿è¡Œæ—¶é—´ï¼š21.876072s] [åžåçŽ‡ï¼š0.05req/s] [å†…å­˜æ¶ˆè€—ï¼š3,492.80kb] [æ–‡ä»¶åŠ è½½ï¼š132]
[ info ] [ BEHAVIOR ] Run Closure @app_init [ RunTime:1.094027s ]
[ info ] [ CACHE ] INIT File
[ info ] [ BEHAVIOR ] Run Closure @app_init [ RunTime:0.519726s ]
[ info ] [ LANG ] D:\www\www.sm.cn\thinkphp\lang\zh-cn.php
[ info ] [ ROUTE ] array (
  'type' => 'module',
  'module' => 
  array (
    0 => 'admin',
    1 => 'general.config',
    2 => NULL,
  ),
)
[ info ] [ HEADER ] array (
  'cookie' => 'PHPSESSID=spfdelgsbtai2apd8qn4me9a2o; thinkphp_show_page_trace=0|0; Hm_lvt_f8d0a8c400404989e195270b0bbf060a=1573630387,1573717441; uid=9; token=6c901f92-e4fd-4b5b-9c23-8969bc53e454; Hm_lpvt_f8d0a8c400404989e195270b0bbf060a=1573718505',
  'accept-language' => 'zh-CN,zh;q=0.9',
  'accept-encoding' => 'gzip, deflate',
  'referer' => 'http://www.sm.cn/admin.php/index/login?url=%2Fadmin.php',
  'accept' => 'text/html,application/xhtml+xml,application/xml;q=0.9,image/webp,image/apng,*/*;q=0.8,application/signed-exchange;v=b3',
  'user-agent' => 'Mozilla/5.0 (Windows NT 10.0; Win64; x64) AppleWebKit/537.36 (KHTML, like Gecko) Chrome/74.0.3729.169 Safari/537.36',
  'upgrade-insecure-requests' => '1',
  'connection' => 'keep-alive',
  'host' => 'www.sm.cn',
  'content-length' => '',
  'content-type' => '',
)
[ info ] [ PARAM ] array (
  'ref' => 'addtabs',
)
[ info ] [ LANG ] D:\www\www.sm.cn\public/../application/admin\lang\zh-cn.php
[ info ] [ BEHAVIOR ] Run app\common\behavior\Common @module_init [ RunTime:0.405666s ]
[ info ] [ SESSION ] INIT array (
  'id' => '',
  'var_session_id' => '',
  'prefix' => 'think',
  'type' => '',
  'auto_start' => true,
)
[ info ] [ DB ] INIT mysql
[ info ] [ LOG ] INIT File
[ error ] [2002]SQLSTATE[HY000] [2002] ÓÉÓÚÄ¿±ê¼ÆËã»ú»ý¼«¾Ü¾ø£¬ÎÞ·¨Á¬½Ó¡£
[D:\www\www.sm.cn\thinkphp\library\think\db\Connection.php:295]
---------------------------------------------------------------
[ 2019-11-15T09:25:49+08:00 ] 127.0.0.1 GET www.sm.cn/
[è¿è¡Œæ—¶é—´ï¼š24.356177s] [åžåçŽ‡ï¼š0.04req/s] [å†…å­˜æ¶ˆè€—ï¼š3,225.80kb] [æ–‡ä»¶åŠ è½½ï¼š131]
[ info ] [ BEHAVIOR ] Run Closure @app_init [ RunTime:1.094047s ]
[ info ] [ CACHE ] INIT File
[ info ] [ BEHAVIOR ] Run Closure @app_init [ RunTime:0.519146s ]
[ info ] [ LANG ] D:\www\www.sm.cn\thinkphp\lang\zh-cn.php
[ info ] [ ROUTE ] array (
  'type' => 'module',
  'module' => 
  array (
    0 => '',
    1 => NULL,
    2 => NULL,
  ),
)
[ info ] [ HEADER ] array (
  'cookie' => 'PHPSESSID=spfdelgsbtai2apd8qn4me9a2o; thinkphp_show_page_trace=0|0; Hm_lvt_f8d0a8c400404989e195270b0bbf060a=1573630387,1573717441; uid=9; token=6c901f92-e4fd-4b5b-9c23-8969bc53e454; Hm_lpvt_f8d0a8c400404989e195270b0bbf060a=1573718505',
  'accept-language' => 'zh-CN,zh;q=0.9',
  'accept-encoding' => 'gzip, deflate',
  'referer' => 'http://www.sm.cn/index/user/register.html?url=http%3A%2F%2Fwww.sm.cn%2F',
  'accept' => 'text/html,application/xhtml+xml,application/xml;q=0.9,image/webp,image/apng,*/*;q=0.8,application/signed-exchange;v=b3',
  'user-agent' => 'Mozilla/5.0 (Windows NT 10.0; Win64; x64) AppleWebKit/537.36 (KHTML, like Gecko) Chrome/74.0.3729.169 Safari/537.36',
  'upgrade-insecure-requests' => '1',
  'connection' => 'keep-alive',
  'host' => 'www.sm.cn',
  'content-length' => '',
  'content-type' => '',
)
[ info ] [ PARAM ] array (
)
[ info ] [ LANG ] D:\www\www.sm.cn\public/../application/index\lang\zh-cn.php
[ info ] [ BEHAVIOR ] Run app\common\behavior\Common @module_init [ RunTime:0.550815s ]
[ info ] [ TOKEN ] INIT Mysql
[ info ] [ DB ] INIT mysql
[ info ] [ LOG ] INIT File
[ error ] [2002]SQLSTATE[HY000] [2002] ÓÉÓÚÄ¿±ê¼ÆËã»ú»ý¼«¾Ü¾ø£¬ÎÞ·¨Á¬½Ó¡£
[D:\www\www.sm.cn\thinkphp\library\think\db\Connection.php:295]
---------------------------------------------------------------
[ 2019-11-15T09:25:52+08:00 ] 127.0.0.1 GET www.sm.cn/favicon.ico
[è¿è¡Œæ—¶é—´ï¼š0.250739s] [åžåçŽ‡ï¼š3.99req/s] [å†…å­˜æ¶ˆè€—ï¼š2,010.73kb] [æ–‡ä»¶åŠ è½½ï¼š111]
[ info ] [ BEHAVIOR ] Run Closure @app_init [ RunTime:0.000237s ]
[ info ] [ CACHE ] INIT File
[ info ] [ BEHAVIOR ] Run Closure @app_init [ RunTime:0.008079s ]
[ info ] [ LANG ] D:\www\www.sm.cn\thinkphp\lang\zh-cn.php
[ info ] [ ROUTE ] array (
  'type' => 'module',
  'module' => 
  array (
    0 => 'favicon.ico',
    1 => NULL,
    2 => NULL,
  ),
)
[ info ] [ HEADER ] array (
  'cookie' => 'PHPSESSID=spfdelgsbtai2apd8qn4me9a2o; thinkphp_show_page_trace=0|0; Hm_lvt_f8d0a8c400404989e195270b0bbf060a=1573630387,1573717441; uid=9; token=6c901f92-e4fd-4b5b-9c23-8969bc53e454; Hm_lpvt_f8d0a8c400404989e195270b0bbf060a=1573718505',
  'accept-language' => 'zh-CN,zh;q=0.9',
  'accept-encoding' => 'gzip, deflate',
  'referer' => 'http://www.sm.cn/admin.php/general/config?ref=addtabs',
  'accept' => 'image/webp,image/apng,image/*,*/*;q=0.8',
  'user-agent' => 'Mozilla/5.0 (Windows NT 10.0; Win64; x64) AppleWebKit/537.36 (KHTML, like Gecko) Chrome/74.0.3729.169 Safari/537.36',
  'connection' => 'keep-alive',
  'host' => 'www.sm.cn',
  'content-length' => '',
  'content-type' => '',
)
[ info ] [ PARAM ] array (
)
[ info ] [ LOG ] INIT File
---------------------------------------------------------------
[ 2019-11-15T09:25:52+08:00 ] 127.0.0.1 GET www.sm.cn/favicon.ico
[è¿è¡Œæ—¶é—´ï¼š0.078394s] [åžåçŽ‡ï¼š12.76req/s] [å†…å­˜æ¶ˆè€—ï¼š2,010.64kb] [æ–‡ä»¶åŠ è½½ï¼š111]
[ info ] [ BEHAVIOR ] Run Closure @app_init [ RunTime:0.000163s ]
[ info ] [ CACHE ] INIT File
[ info ] [ BEHAVIOR ] Run Closure @app_init [ RunTime:0.004992s ]
[ info ] [ LANG ] D:\www\www.sm.cn\thinkphp\lang\zh-cn.php
[ info ] [ ROUTE ] array (
  'type' => 'module',
  'module' => 
  array (
    0 => 'favicon.ico',
    1 => NULL,
    2 => NULL,
  ),
)
[ info ] [ HEADER ] array (
  'cookie' => 'PHPSESSID=spfdelgsbtai2apd8qn4me9a2o; thinkphp_show_page_trace=0|0; Hm_lvt_f8d0a8c400404989e195270b0bbf060a=1573630387,1573717441; uid=9; token=6c901f92-e4fd-4b5b-9c23-8969bc53e454; Hm_lpvt_f8d0a8c400404989e195270b0bbf060a=1573718505',
  'accept-language' => 'zh-CN,zh;q=0.9',
  'accept-encoding' => 'gzip, deflate',
  'referer' => 'http://www.sm.cn/',
  'accept' => 'image/webp,image/apng,image/*,*/*;q=0.8',
  'user-agent' => 'Mozilla/5.0 (Windows NT 10.0; Win64; x64) AppleWebKit/537.36 (KHTML, like Gecko) Chrome/74.0.3729.169 Safari/537.36',
  'connection' => 'keep-alive',
  'host' => 'www.sm.cn',
  'content-length' => '',
  'content-type' => '',
)
[ info ] [ PARAM ] array (
)
[ info ] [ LOG ] INIT File
---------------------------------------------------------------
[ 2019-11-15T11:56:51+08:00 ] 127.0.0.1 GET www.sm.cn/admin.php/general/config?ref=addtabs
[è¿è¡Œæ—¶é—´ï¼š29.735629s] [åžåçŽ‡ï¼š0.03req/s] [å†…å­˜æ¶ˆè€—ï¼š3,652.77kb] [æ–‡ä»¶åŠ è½½ï¼š132]
[ info ] [ BEHAVIOR ] Run Closure @app_init [ RunTime:0.000255s ]
[ info ] [ CACHE ] INIT File
[ info ] [ BEHAVIOR ] Run Closure @app_init [ RunTime:1.321235s ]
[ info ] [ LANG ] D:\www\www.sm.cn\thinkphp\lang\zh-cn.php
[ info ] [ ROUTE ] array (
  'type' => 'module',
  'module' => 
  array (
    0 => 'admin',
    1 => 'general.config',
    2 => NULL,
  ),
)
[ info ] [ HEADER ] array (
  'cookie' => 'thinkphp_show_page_trace=0|0; PHPSESSID=spfdelgsbtai2apd8qn4me9a2o; thinkphp_show_page_trace=0|0; Hm_lvt_f8d0a8c400404989e195270b0bbf060a=1573630387,1573717441; uid=9; token=6c901f92-e4fd-4b5b-9c23-8969bc53e454; Hm_lpvt_f8d0a8c400404989e195270b0bbf060a=1573718505',
  'accept-language' => 'zh-CN,zh;q=0.9',
  'accept-encoding' => 'gzip, deflate',
  'referer' => 'http://www.sm.cn/admin.php/index/login?url=%2Fadmin.php',
  'accept' => 'text/html,application/xhtml+xml,application/xml;q=0.9,image/webp,image/apng,*/*;q=0.8,application/signed-exchange;v=b3',
  'user-agent' => 'Mozilla/5.0 (Windows NT 10.0; Win64; x64) AppleWebKit/537.36 (KHTML, like Gecko) Chrome/74.0.3729.169 Safari/537.36',
  'upgrade-insecure-requests' => '1',
  'connection' => 'keep-alive',
  'host' => 'www.sm.cn',
  'content-length' => '',
  'content-type' => '',
)
[ info ] [ PARAM ] array (
  'ref' => 'addtabs',
)
[ info ] [ LANG ] D:\www\www.sm.cn\public/../application/admin\lang\zh-cn.php
[ info ] [ BEHAVIOR ] Run app\common\behavior\Common @module_init [ RunTime:1.073846s ]
[ info ] [ SESSION ] INIT array (
  'id' => '',
  'var_session_id' => '',
  'prefix' => 'think',
  'type' => '',
  'auto_start' => true,
)
[ info ] [ DB ] INIT mysql
[ info ] [ BEHAVIOR ] Run app\admin\behavior\AdminLog @app_end [ RunTime:0.000768s ]
[ info ] [ LOG ] INIT File
[ sql ] [ DB ] CONNECT:[ UseTime:3.164625s ] mysql:host=127.0.0.1;dbname=sm_cn;charset=utf8
[ sql ] [ SQL ] SHOW COLUMNS FROM `ty_auth_group_access` [ RunTime:7.778890s ]
[ sql ] [ SQL ] SELECT `aga`.`uid`,`aga`.`group_id`,`ag`.`id`,`ag`.`pid`,`ag`.`name`,`ag`.`rules` FROM `ty_auth_group_access` `aga` LEFT JOIN `ty_auth_group` `ag` ON `aga`.`group_id`=`ag`.`id` WHERE  (  aga.uid='1' and ag.status='normal' ) [ RunTime:0.394884s ]
[ sql ] [ SQL ] SHOW COLUMNS FROM `ty_auth_rule` [ RunTime:0.152009s ]
[ sql ] [ SQL ] SELECT `id`,`pid`,`condition`,`icon`,`name`,`title`,`ismenu` FROM `ty_auth_rule` WHERE  `status` = 'normal' [ RunTime:0.004016s ]
---------------------------------------------------------------
[ 2019-11-15T11:56:54+08:00 ] 127.0.0.1 GET www.sm.cn/admin.php/index/index
[è¿è¡Œæ—¶é—´ï¼š2.555696s] [åžåçŽ‡ï¼š0.39req/s] [å†…å­˜æ¶ˆè€—ï¼š4,276.29kb] [æ–‡ä»¶åŠ è½½ï¼š148]
[ info ] [ BEHAVIOR ] Run Closure @app_init [ RunTime:0.000205s ]
[ info ] [ CACHE ] INIT File
[ info ] [ BEHAVIOR ] Run Closure @app_init [ RunTime:0.004587s ]
[ info ] [ LANG ] D:\www\www.sm.cn\thinkphp\lang\zh-cn.php
[ info ] [ ROUTE ] array (
  'type' => 'module',
  'module' => 
  array (
    0 => 'admin',
    1 => 'index',
    2 => 'index',
  ),
)
[ info ] [ HEADER ] array (
  'cookie' => 'PHPSESSID=spfdelgsbtai2apd8qn4me9a2o; thinkphp_show_page_trace=0|0; Hm_lvt_f8d0a8c400404989e195270b0bbf060a=1573630387,1573717441; uid=9; token=6c901f92-e4fd-4b5b-9c23-8969bc53e454; Hm_lpvt_f8d0a8c400404989e195270b0bbf060a=1573718505',
  'accept-language' => 'zh-CN,zh;q=0.9',
  'accept-encoding' => 'gzip, deflate',
  'referer' => 'http://www.sm.cn/admin.php/index/login?url=%2Fadmin.php',
  'accept' => 'text/html,application/xhtml+xml,application/xml;q=0.9,image/webp,image/apng,*/*;q=0.8,application/signed-exchange;v=b3',
  'user-agent' => 'Mozilla/5.0 (Windows NT 10.0; Win64; x64) AppleWebKit/537.36 (KHTML, like Gecko) Chrome/74.0.3729.169 Safari/537.36',
  'upgrade-insecure-requests' => '1',
  'connection' => 'keep-alive',
  'host' => 'www.sm.cn',
  'content-length' => '',
  'content-type' => '',
)
[ info ] [ PARAM ] array (
)
[ info ] [ LANG ] D:\www\www.sm.cn\public/../application/admin\lang\zh-cn.php
[ info ] [ BEHAVIOR ] Run app\common\behavior\Common @module_init [ RunTime:0.003784s ]
[ info ] [ SESSION ] INIT array (
  'id' => '',
  'var_session_id' => '',
  'prefix' => 'think',
  'type' => '',
  'auto_start' => true,
)
[ info ] [ LANG ] D:\www\www.sm.cn\public/../application/admin/lang/zh-cn/index.php
[ info ] [ RUN ] app\admin\controller\Index->index[ D:\www\www.sm.cn\application\admin\controller\Index.php ]
[ info ] [ DB ] INIT mysql
[ info ] [ VIEW ] D:\www\www.sm.cn\public/../application/admin\view\index\index.html [ array (
  0 => 'breadcrumb',
  1 => 'site',
  2 => 'config',
  3 => 'auth',
  4 => 'admin',
  5 => 'menulist',
  6 => 'navlist',
  7 => 'fixedmenu',
  8 => 'referermenu',
  9 => 'title',
) ]
[ info ] [ BEHAVIOR ] Run app\admin\behavior\AdminLog @app_end [ RunTime:0.000500s ]
[ info ] [ LOG ] INIT File
[ sql ] [ DB ] CONNECT:[ UseTime:0.001791s ] mysql:host=127.0.0.1;dbname=sm_cn;charset=utf8
[ sql ] [ SQL ] SHOW COLUMNS FROM `ty_auth_group_access` [ RunTime:0.002571s ]
[ sql ] [ SQL ] SELECT `aga`.`uid`,`aga`.`group_id`,`ag`.`id`,`ag`.`pid`,`ag`.`name`,`ag`.`rules` FROM `ty_auth_group_access` `aga` LEFT JOIN `ty_auth_group` `ag` ON `aga`.`group_id`=`ag`.`id` WHERE  (  aga.uid='1' and ag.status='normal' ) [ RunTime:0.002730s ]
[ sql ] [ SQL ] SHOW COLUMNS FROM `ty_auth_rule` [ RunTime:0.002379s ]
[ sql ] [ SQL ] SELECT `id`,`pid`,`condition`,`icon`,`name`,`title`,`ismenu` FROM `ty_auth_rule` WHERE  `status` = 'normal' [ RunTime:0.001900s ]
[ sql ] [ SQL ] SELECT `name`,`pid` FROM `ty_auth_rule` WHERE  `status` = 'normal'  AND `ismenu` = 0  AND `name` LIKE '%/index' [ RunTime:0.024997s ]
---------------------------------------------------------------
[ 2019-11-15T11:56:56+08:00 ] 127.0.0.1 GET www.sm.cn/admin.php/general/config?addtabs=1
[è¿è¡Œæ—¶é—´ï¼š0.485669s] [åžåçŽ‡ï¼š2.06req/s] [å†…å­˜æ¶ˆè€—ï¼š4,142.60kb] [æ–‡ä»¶åŠ è½½ï¼š136]
[ info ] [ BEHAVIOR ] Run Closure @app_init [ RunTime:0.000165s ]
[ info ] [ CACHE ] INIT File
[ info ] [ BEHAVIOR ] Run Closure @app_init [ RunTime:0.005414s ]
[ info ] [ LANG ] D:\www\www.sm.cn\thinkphp\lang\zh-cn.php
[ info ] [ ROUTE ] array (
  'type' => 'module',
  'module' => 
  array (
    0 => 'admin',
    1 => 'general.config',
    2 => NULL,
  ),
)
[ info ] [ HEADER ] array (
  'cookie' => 'thinkphp_show_page_trace=0|0; PHPSESSID=spfdelgsbtai2apd8qn4me9a2o; thinkphp_show_page_trace=0|0; Hm_lvt_f8d0a8c400404989e195270b0bbf060a=1573630387,1573717441; uid=9; token=6c901f92-e4fd-4b5b-9c23-8969bc53e454; Hm_lpvt_f8d0a8c400404989e195270b0bbf060a=1573718505',
  'accept-language' => 'zh-CN,zh;q=0.9',
  'accept-encoding' => 'gzip, deflate',
  'referer' => 'http://www.sm.cn/admin.php/index/index',
  'accept' => 'text/html,application/xhtml+xml,application/xml;q=0.9,image/webp,image/apng,*/*;q=0.8,application/signed-exchange;v=b3',
  'user-agent' => 'Mozilla/5.0 (Windows NT 10.0; Win64; x64) AppleWebKit/537.36 (KHTML, like Gecko) Chrome/74.0.3729.169 Safari/537.36',
  'upgrade-insecure-requests' => '1',
  'connection' => 'keep-alive',
  'host' => 'www.sm.cn',
  'content-length' => '',
  'content-type' => '',
)
[ info ] [ PARAM ] array (
  'addtabs' => '1',
)
[ info ] [ LANG ] D:\www\www.sm.cn\public/../application/admin\lang\zh-cn.php
[ info ] [ BEHAVIOR ] Run app\common\behavior\Common @module_init [ RunTime:0.003033s ]
[ info ] [ SESSION ] INIT array (
  'id' => '',
  'var_session_id' => '',
  'prefix' => 'think',
  'type' => '',
  'auto_start' => true,
)
[ info ] [ DB ] INIT mysql
[ info ] [ LANG ] D:\www\www.sm.cn\public/../application/admin/lang/zh-cn/general/config.php
[ info ] [ RUN ] app\admin\controller\general\Config->index[ D:\www\www.sm.cn\application\admin\controller\general\Config.php ]
[ info ] [ VIEW ] D:\www\www.sm.cn\public/../application/admin\view\general\config\index.html [ array (
  0 => 'breadcrumb',
  1 => 'site',
  2 => 'config',
  3 => 'auth',
  4 => 'admin',
  5 => 'siteList',
  6 => 'typeList',
  7 => 'ruleList',
  8 => 'groupList',
) ]
[ info ] [ BEHAVIOR ] Run app\admin\behavior\AdminLog @app_end [ RunTime:0.000591s ]
[ info ] [ LOG ] INIT File
[ sql ] [ DB ] CONNECT:[ UseTime:0.001646s ] mysql:host=127.0.0.1;dbname=sm_cn;charset=utf8
[ sql ] [ SQL ] SHOW COLUMNS FROM `ty_auth_group_access` [ RunTime:0.002709s ]
[ sql ] [ SQL ] SELECT `aga`.`uid`,`aga`.`group_id`,`ag`.`id`,`ag`.`pid`,`ag`.`name`,`ag`.`rules` FROM `ty_auth_group_access` `aga` LEFT JOIN `ty_auth_group` `ag` ON `aga`.`group_id`=`ag`.`id` WHERE  (  aga.uid='1' and ag.status='normal' ) [ RunTime:0.002136s ]
[ sql ] [ SQL ] SHOW COLUMNS FROM `ty_auth_rule` [ RunTime:0.002476s ]
[ sql ] [ SQL ] SELECT `id`,`pid`,`condition`,`icon`,`name`,`title`,`ismenu` FROM `ty_auth_rule` WHERE  `status` = 'normal' [ RunTime:0.001462s ]
[ sql ] [ SQL ] SHOW COLUMNS FROM `ty_config` [ RunTime:0.080366s ]
[ sql ] [ SQL ] SELECT * FROM `ty_config` [ RunTime:0.000958s ]
[ sql ] [ SQL ] SELECT `title`,`remark` FROM `ty_auth_rule` WHERE  `name` = 'general/config' LIMIT 1 [ RunTime:0.037822s ]
---------------------------------------------------------------
[ 2019-11-15T11:56:56+08:00 ] 127.0.0.1 GET www.sm.cn/admin.php/dashboard?addtabs=1
[è¿è¡Œæ—¶é—´ï¼š0.761030s] [åžåçŽ‡ï¼š1.31req/s] [å†…å­˜æ¶ˆè€—ï¼š4,091.73kb] [æ–‡ä»¶åŠ è½½ï¼š138]
[ info ] [ BEHAVIOR ] Run Closure @app_init [ RunTime:0.000205s ]
[ info ] [ CACHE ] INIT File
[ info ] [ BEHAVIOR ] Run Closure @app_init [ RunTime:0.004584s ]
[ info ] [ LANG ] D:\www\www.sm.cn\thinkphp\lang\zh-cn.php
[ info ] [ ROUTE ] array (
  'type' => 'module',
  'module' => 
  array (
    0 => 'admin',
    1 => 'dashboard',
    2 => NULL,
  ),
)
[ info ] [ HEADER ] array (
  'cookie' => 'PHPSESSID=spfdelgsbtai2apd8qn4me9a2o; thinkphp_show_page_trace=0|0; Hm_lvt_f8d0a8c400404989e195270b0bbf060a=1573630387,1573717441; uid=9; token=6c901f92-e4fd-4b5b-9c23-8969bc53e454; Hm_lpvt_f8d0a8c400404989e195270b0bbf060a=1573718505',
  'accept-language' => 'zh-CN,zh;q=0.9',
  'accept-encoding' => 'gzip, deflate',
  'referer' => 'http://www.sm.cn/admin.php/index/index',
  'accept' => 'text/html,application/xhtml+xml,application/xml;q=0.9,image/webp,image/apng,*/*;q=0.8,application/signed-exchange;v=b3',
  'user-agent' => 'Mozilla/5.0 (Windows NT 10.0; Win64; x64) AppleWebKit/537.36 (KHTML, like Gecko) Chrome/74.0.3729.169 Safari/537.36',
  'upgrade-insecure-requests' => '1',
  'connection' => 'keep-alive',
  'host' => 'www.sm.cn',
  'content-length' => '',
  'content-type' => '',
)
[ info ] [ PARAM ] array (
  'addtabs' => '1',
)
[ info ] [ LANG ] D:\www\www.sm.cn\public/../application/admin\lang\zh-cn.php
[ info ] [ BEHAVIOR ] Run app\common\behavior\Common @module_init [ RunTime:0.003782s ]
[ info ] [ SESSION ] INIT array (
  'id' => '',
  'var_session_id' => '',
  'prefix' => 'think',
  'type' => '',
  'auto_start' => true,
)
[ info ] [ DB ] INIT mysql
[ info ] [ LANG ] D:\www\www.sm.cn\public/../application/admin/lang/zh-cn/dashboard.php
[ info ] [ RUN ] app\admin\controller\Dashboard->index[ D:\www\www.sm.cn\application\admin\controller\Dashboard.php ]
[ info ] [ VIEW ] D:\www\www.sm.cn\public/../application/admin\view\dashboard\index.html [ array (
  0 => 'breadcrumb',
  1 => 'site',
  2 => 'config',
  3 => 'auth',
  4 => 'admin',
  5 => 'totaluser',
  6 => 'totalviews',
  7 => 'totalorder',
  8 => 'totalorderamount',
  9 => 'todayuserlogin',
  10 => 'todayusersignup',
  11 => 'todayorder',
  12 => 'unsettleorder',
  13 => 'sevendnu',
  14 => 'sevendau',
  15 => 'paylist',
  16 => 'createlist',
  17 => 'addonversion',
  18 => 'uploadmode',
) ]
[ info ] [ BEHAVIOR ] Run app\admin\behavior\AdminLog @app_end [ RunTime:0.000494s ]
[ info ] [ LOG ] INIT File
[ sql ] [ DB ] CONNECT:[ UseTime:0.002094s ] mysql:host=127.0.0.1;dbname=sm_cn;charset=utf8
[ sql ] [ SQL ] SHOW COLUMNS FROM `ty_auth_group_access` [ RunTime:0.003249s ]
[ sql ] [ SQL ] SELECT `aga`.`uid`,`aga`.`group_id`,`ag`.`id`,`ag`.`pid`,`ag`.`name`,`ag`.`rules` FROM `ty_auth_group_access` `aga` LEFT JOIN `ty_auth_group` `ag` ON `aga`.`group_id`=`ag`.`id` WHERE  (  aga.uid='1' and ag.status='normal' ) [ RunTime:0.002972s ]
[ sql ] [ SQL ] SHOW COLUMNS FROM `ty_auth_rule` [ RunTime:0.003126s ]
[ sql ] [ SQL ] SELECT `id`,`pid`,`condition`,`icon`,`name`,`title`,`ismenu` FROM `ty_auth_rule` WHERE  `status` = 'normal' [ RunTime:0.001235s ]
[ sql ] [ SQL ] SELECT `title`,`remark` FROM `ty_auth_rule` WHERE  `name` = 'dashboard' LIMIT 1 [ RunTime:0.000796s ]
---------------------------------------------------------------
[ 2019-11-15T11:56:59+08:00 ] 127.0.0.1 GET www.sm.cn/admin.php/ajax/lang?callback=define&controllername=index&v=1573790211
[è¿è¡Œæ—¶é—´ï¼š0.131075s] [åžåçŽ‡ï¼š7.63req/s] [å†…å­˜æ¶ˆè€—ï¼š3,110.07kb] [æ–‡ä»¶åŠ è½½ï¼š128]
[ info ] [ BEHAVIOR ] Run Closure @app_init [ RunTime:0.000155s ]
[ info ] [ CACHE ] INIT File
[ info ] [ BEHAVIOR ] Run Closure @app_init [ RunTime:0.004013s ]
[ info ] [ LANG ] D:\www\www.sm.cn\thinkphp\lang\zh-cn.php
[ info ] [ ROUTE ] array (
  'type' => 'module',
  'module' => 
  array (
    0 => 'admin',
    1 => 'ajax',
    2 => 'lang',
  ),
)
[ info ] [ HEADER ] array (
  'cookie' => 'thinkphp_show_page_trace=0|0; PHPSESSID=spfdelgsbtai2apd8qn4me9a2o; thinkphp_show_page_trace=0|0; Hm_lvt_f8d0a8c400404989e195270b0bbf060a=1573630387,1573717441; uid=9; token=6c901f92-e4fd-4b5b-9c23-8969bc53e454; Hm_lpvt_f8d0a8c400404989e195270b0bbf060a=1573718505',
  'accept-language' => 'zh-CN,zh;q=0.9',
  'accept-encoding' => 'gzip, deflate',
  'referer' => 'http://www.sm.cn/admin.php/index/index',
  'accept' => '*/*',
  'user-agent' => 'Mozilla/5.0 (Windows NT 10.0; Win64; x64) AppleWebKit/537.36 (KHTML, like Gecko) Chrome/74.0.3729.169 Safari/537.36',
  'connection' => 'keep-alive',
  'host' => 'www.sm.cn',
  'content-length' => '',
  'content-type' => '',
)
[ info ] [ PARAM ] array (
  'callback' => 'define',
  'controllername' => 'index',
  'v' => '1573790211',
)
[ info ] [ LANG ] D:\www\www.sm.cn\public/../application/admin\lang\zh-cn.php
[ info ] [ BEHAVIOR ] Run app\common\behavior\Common @module_init [ RunTime:0.002455s ]
[ info ] [ SESSION ] INIT array (
  'id' => '',
  'var_session_id' => '',
  'prefix' => 'think',
  'type' => '',
  'auto_start' => true,
)
[ info ] [ LANG ] D:\www\www.sm.cn\public/../application/admin/lang/zh-cn/ajax.php
[ info ] [ RUN ] app\admin\controller\Ajax->lang[ D:\www\www.sm.cn\application\admin\controller\Ajax.php ]
[ info ] [ LANG ] D:\www\www.sm.cn\public/../application/admin/lang/zh-cn/index.php
[ info ] [ BEHAVIOR ] Run app\admin\behavior\AdminLog @app_end [ RunTime:0.000576s ]
[ info ] [ LOG ] INIT File
---------------------------------------------------------------
[ 2019-11-15T11:57:00+08:00 ] 127.0.0.1 GET www.sm.cn/admin.php/ajax/lang?callback=define&controllername=dashboard&v=1573790215
[è¿è¡Œæ—¶é—´ï¼š0.111886s] [åžåçŽ‡ï¼š8.94req/s] [å†…å­˜æ¶ˆè€—ï¼š3,108.80kb] [æ–‡ä»¶åŠ è½½ï¼š128]
[ info ] [ BEHAVIOR ] Run Closure @app_init [ RunTime:0.000156s ]
[ info ] [ CACHE ] INIT File
[ info ] [ BEHAVIOR ] Run Closure @app_init [ RunTime:0.004656s ]
[ info ] [ LANG ] D:\www\www.sm.cn\thinkphp\lang\zh-cn.php
[ info ] [ ROUTE ] array (
  'type' => 'module',
  'module' => 
  array (
    0 => 'admin',
    1 => 'ajax',
    2 => 'lang',
  ),
)
[ info ] [ HEADER ] array (
  'cookie' => 'thinkphp_show_page_trace=0|0; PHPSESSID=spfdelgsbtai2apd8qn4me9a2o; thinkphp_show_page_trace=0|0; Hm_lvt_f8d0a8c400404989e195270b0bbf060a=1573630387,1573717441; uid=9; token=6c901f92-e4fd-4b5b-9c23-8969bc53e454; Hm_lpvt_f8d0a8c400404989e195270b0bbf060a=1573718505',
  'accept-language' => 'zh-CN,zh;q=0.9',
  'accept-encoding' => 'gzip, deflate',
  'referer' => 'http://www.sm.cn/admin.php/dashboard?addtabs=1',
  'accept' => '*/*',
  'user-agent' => 'Mozilla/5.0 (Windows NT 10.0; Win64; x64) AppleWebKit/537.36 (KHTML, like Gecko) Chrome/74.0.3729.169 Safari/537.36',
  'connection' => 'keep-alive',
  'host' => 'www.sm.cn',
  'content-length' => '',
  'content-type' => '',
)
[ info ] [ PARAM ] array (
  'callback' => 'define',
  'controllername' => 'dashboard',
  'v' => '1573790215',
)
[ info ] [ LANG ] D:\www\www.sm.cn\public/../application/admin\lang\zh-cn.php
[ info ] [ BEHAVIOR ] Run app\common\behavior\Common @module_init [ RunTime:0.002462s ]
[ info ] [ SESSION ] INIT array (
  'id' => '',
  'var_session_id' => '',
  'prefix' => 'think',
  'type' => '',
  'auto_start' => true,
)
[ info ] [ LANG ] D:\www\www.sm.cn\public/../application/admin/lang/zh-cn/ajax.php
[ info ] [ RUN ] app\admin\controller\Ajax->lang[ D:\www\www.sm.cn\application\admin\controller\Ajax.php ]
[ info ] [ LANG ] D:\www\www.sm.cn\public/../application/admin/lang/zh-cn/dashboard.php
[ info ] [ BEHAVIOR ] Run app\admin\behavior\AdminLog @app_end [ RunTime:0.000603s ]
[ info ] [ LOG ] INIT File
---------------------------------------------------------------
[ 2019-11-15T11:57:00+08:00 ] 127.0.0.1 GET www.sm.cn/admin.php/ajax/lang?callback=define&controllername=general.config&v=1573790215
[è¿è¡Œæ—¶é—´ï¼š0.105512s] [åžåçŽ‡ï¼š9.48req/s] [å†…å­˜æ¶ˆè€—ï¼š3,109.00kb] [æ–‡ä»¶åŠ è½½ï¼š128]
[ info ] [ BEHAVIOR ] Run Closure @app_init [ RunTime:0.000174s ]
[ info ] [ CACHE ] INIT File
[ info ] [ BEHAVIOR ] Run Closure @app_init [ RunTime:0.005024s ]
[ info ] [ LANG ] D:\www\www.sm.cn\thinkphp\lang\zh-cn.php
[ info ] [ ROUTE ] array (
  'type' => 'module',
  'module' => 
  array (
    0 => 'admin',
    1 => 'ajax',
    2 => 'lang',
  ),
)
[ info ] [ HEADER ] array (
  'cookie' => 'thinkphp_show_page_trace=0|0; PHPSESSID=spfdelgsbtai2apd8qn4me9a2o; thinkphp_show_page_trace=0|0; Hm_lvt_f8d0a8c400404989e195270b0bbf060a=1573630387,1573717441; uid=9; token=6c901f92-e4fd-4b5b-9c23-8969bc53e454; Hm_lpvt_f8d0a8c400404989e195270b0bbf060a=1573718505',
  'accept-language' => 'zh-CN,zh;q=0.9',
  'accept-encoding' => 'gzip, deflate',
  'referer' => 'http://www.sm.cn/admin.php/general/config?addtabs=1',
  'accept' => '*/*',
  'user-agent' => 'Mozilla/5.0 (Windows NT 10.0; Win64; x64) AppleWebKit/537.36 (KHTML, like Gecko) Chrome/74.0.3729.169 Safari/537.36',
  'connection' => 'keep-alive',
  'host' => 'www.sm.cn',
  'content-length' => '',
  'content-type' => '',
)
[ info ] [ PARAM ] array (
  'callback' => 'define',
  'controllername' => 'general.config',
  'v' => '1573790215',
)
[ info ] [ LANG ] D:\www\www.sm.cn\public/../application/admin\lang\zh-cn.php
[ info ] [ BEHAVIOR ] Run app\common\behavior\Common @module_init [ RunTime:0.002816s ]
[ info ] [ SESSION ] INIT array (
  'id' => '',
  'var_session_id' => '',
  'prefix' => 'think',
  'type' => '',
  'auto_start' => true,
)
[ info ] [ LANG ] D:\www\www.sm.cn\public/../application/admin/lang/zh-cn/ajax.php
[ info ] [ RUN ] app\admin\controller\Ajax->lang[ D:\www\www.sm.cn\application\admin\controller\Ajax.php ]
[ info ] [ LANG ] D:\www\www.sm.cn\public/../application/admin/lang/zh-cn/general/config.php
[ info ] [ BEHAVIOR ] Run app\admin\behavior\AdminLog @app_end [ RunTime:0.000562s ]
[ info ] [ LOG ] INIT File
