---------------------------------------------------------------
[ 2019-11-19T10:00:35+08:00 ] 127.0.0.1 GET www.sm.cn/
[运行时间：17.472996s] [吞吐率：0.06req/s] [内存消耗：3,345.50kb] [文件加载：133]
[ info ] [ BEHAVIOR ] Run Closure @app_init [ RunTime:0.912436s ]
[ info ] [ CACHE ] INIT File
[ info ] [ BEHAVIOR ] Run Closure @app_init [ RunTime:0.524387s ]
[ info ] [ LANG ] D:\www\www.sm.cn\thinkphp\lang\zh-cn.php
[ info ] [ ROUTE ] array (
  'type' => 'module',
  'module' => 
  array (
    0 => '',
    1 => NULL,
    2 => NULL,
  ),
)
[ info ] [ HEADER ] array (
  'cookie' => 'Hm_lvt_f8d0a8c400404989e195270b0bbf060a=1573630387,1573717441',
  'accept-language' => 'zh-CN,zh;q=0.9',
  'accept-encoding' => 'gzip, deflate',
  'accept' => 'text/html,application/xhtml+xml,application/xml;q=0.9,image/webp,image/apng,*/*;q=0.8,application/signed-exchange;v=b3',
  'user-agent' => 'Mozilla/5.0 (Windows NT 10.0; Win64; x64) AppleWebKit/537.36 (KHTML, like Gecko) Chrome/74.0.3729.169 Safari/537.36',
  'upgrade-insecure-requests' => '1',
  'connection' => 'keep-alive',
  'host' => 'www.sm.cn',
  'content-length' => '',
  'content-type' => '',
)
[ info ] [ PARAM ] array (
)
[ info ] [ LANG ] D:\www\www.sm.cn\public/../application/index\lang\zh-cn.php
[ info ] [ BEHAVIOR ] Run app\common\behavior\Common @module_init [ RunTime:0.082273s ]
[ info ] [ TOKEN ] INIT Mysql
[ info ] [ DB ] INIT mysql
[ info ] [ VIEW ] D:\www\www.sm.cn\public/../application/common\view\tpl\dispatch_jump.tpl [ array (
  0 => 'code',
  1 => 'msg',
  2 => 'data',
  3 => 'url',
  4 => 'wait',
) ]
[ info ] [ LOG ] INIT File
[ sql ] [ DB ] CONNECT:[ UseTime:0.415416s ] mysql:host=127.0.0.1;dbname=sm_cn;charset=utf8
[ sql ] [ SQL ] SHOW COLUMNS FROM `ty_user_token` [ RunTime:3.437799s ]
[ sql ] [ SQL ] SELECT * FROM `ty_user_token` WHERE  `token` = 'd8aa945b8448d8a41ab99c04b04f9e522294b47c' LIMIT 1 [ RunTime:0.671252s ]
---------------------------------------------------------------
[ 2019-11-19T10:00:41+08:00 ] 127.0.0.1 GET www.sm.cn/index/user/login.html
[运行时间：1.337643s] [吞吐率：0.75req/s] [内存消耗：2,986.72kb] [文件加载：127]
[ info ] [ BEHAVIOR ] Run Closure @app_init [ RunTime:0.000052s ]
[ info ] [ CACHE ] INIT File
[ info ] [ BEHAVIOR ] Run Closure @app_init [ RunTime:0.007774s ]
[ info ] [ LANG ] D:\www\www.sm.cn\thinkphp\lang\zh-cn.php
[ info ] [ ROUTE ] array (
  'type' => 'module',
  'module' => 
  array (
    0 => 'index',
    1 => 'user',
    2 => 'login',
  ),
)
[ info ] [ HEADER ] array (
  'cookie' => 'Hm_lvt_f8d0a8c400404989e195270b0bbf060a=1573630387,1573717441; thinkphp_show_page_trace=0|0',
  'accept-language' => 'zh-CN,zh;q=0.9',
  'accept-encoding' => 'gzip, deflate',
  'referer' => 'http://www.sm.cn/',
  'accept' => 'text/html,application/xhtml+xml,application/xml;q=0.9,image/webp,image/apng,*/*;q=0.8,application/signed-exchange;v=b3',
  'user-agent' => 'Mozilla/5.0 (Windows NT 10.0; Win64; x64) AppleWebKit/537.36 (KHTML, like Gecko) Chrome/74.0.3729.169 Safari/537.36',
  'upgrade-insecure-requests' => '1',
  'connection' => 'keep-alive',
  'host' => 'www.sm.cn',
  'content-length' => '',
  'content-type' => '',
)
[ info ] [ PARAM ] array (
)
[ info ] [ LANG ] D:\www\www.sm.cn\public/../application/index\lang\zh-cn.php
[ info ] [ BEHAVIOR ] Run app\common\behavior\Common @module_init [ RunTime:0.002925s ]
[ info ] [ LANG ] D:\www\www.sm.cn\public/../application/index/lang/zh-cn/user.php
[ info ] [ RUN ] app\index\controller\User->login[ D:\www\www.sm.cn\application\index\controller\User.php ]
[ info ] [ VIEW ] D:\www\www.sm.cn\public/../application/index\view\user\login.html [ array (
  0 => 'user',
  1 => 'site',
  2 => 'config',
  3 => 'url',
  4 => 'title',
) ]
[ info ] [ SESSION ] INIT array (
  'id' => '',
  'var_session_id' => '',
  'prefix' => 'think',
  'type' => '',
  'auto_start' => true,
)
[ info ] [ LOG ] INIT File
---------------------------------------------------------------
[ 2019-11-19T10:00:50+08:00 ] 127.0.0.1 GET www.sm.cn/index/ajax/lang?callback=define&controllername=user&v=1574128840
[运行时间：0.217054s] [吞吐率：4.61req/s] [内存消耗：2,873.90kb] [文件加载：126]
[ info ] [ BEHAVIOR ] Run Closure @app_init [ RunTime:0.000045s ]
[ info ] [ CACHE ] INIT File
[ info ] [ BEHAVIOR ] Run Closure @app_init [ RunTime:0.006270s ]
[ info ] [ LANG ] D:\www\www.sm.cn\thinkphp\lang\zh-cn.php
[ info ] [ ROUTE ] array (
  'type' => 'module',
  'module' => 
  array (
    0 => 'index',
    1 => 'ajax',
    2 => 'lang',
  ),
)
[ info ] [ HEADER ] array (
  'cookie' => 'Hm_lvt_f8d0a8c400404989e195270b0bbf060a=1573630387,1573717441; thinkphp_show_page_trace=0|0; PHPSESSID=eh12aamnefbm3rb90g6itvhms2',
  'accept-language' => 'zh-CN,zh;q=0.9',
  'accept-encoding' => 'gzip, deflate',
  'referer' => 'http://www.sm.cn/index/user/login.html',
  'accept' => '*/*',
  'user-agent' => 'Mozilla/5.0 (Windows NT 10.0; Win64; x64) AppleWebKit/537.36 (KHTML, like Gecko) Chrome/74.0.3729.169 Safari/537.36',
  'connection' => 'keep-alive',
  'host' => 'www.sm.cn',
  'content-length' => '',
  'content-type' => '',
)
[ info ] [ PARAM ] array (
  'callback' => 'define',
  'controllername' => 'user',
  'v' => '1574128840',
)
[ info ] [ LANG ] D:\www\www.sm.cn\public/../application/index\lang\zh-cn.php
[ info ] [ BEHAVIOR ] Run app\common\behavior\Common @module_init [ RunTime:0.003911s ]
[ info ] [ LANG ] D:\www\www.sm.cn\public/../application/index/lang/zh-cn/ajax.php
[ info ] [ RUN ] app\index\controller\Ajax->lang[ D:\www\www.sm.cn\application\index\controller\Ajax.php ]
[ info ] [ LANG ] D:\www\www.sm.cn\public/../application/index/lang/zh-cn/user.php
[ info ] [ LOG ] INIT File
---------------------------------------------------------------
[ 2019-11-19T10:05:23+08:00 ] 127.0.0.1 GET www.sm.cn/index/user/register.html?url=http%3A%2F%2Fwww.sm.cn%2F
[运行时间：1.942369s] [吞吐率：0.51req/s] [内存消耗：3,140.70kb] [文件加载：129]
[ info ] [ BEHAVIOR ] Run Closure @app_init [ RunTime:0.000031s ]
[ info ] [ CACHE ] INIT File
[ info ] [ BEHAVIOR ] Run Closure @app_init [ RunTime:0.004850s ]
[ info ] [ LANG ] D:\www\www.sm.cn\thinkphp\lang\zh-cn.php
[ info ] [ ROUTE ] array (
  'type' => 'module',
  'module' => 
  array (
    0 => 'index',
    1 => 'user',
    2 => 'register',
  ),
)
[ info ] [ HEADER ] array (
  'cookie' => 'thinkphp_show_page_trace=0|0; Hm_lvt_f8d0a8c400404989e195270b0bbf060a=1573630387,1573717441; thinkphp_show_page_trace=0|0; PHPSESSID=eh12aamnefbm3rb90g6itvhms2',
  'accept-language' => 'zh-CN,zh;q=0.9',
  'accept-encoding' => 'gzip, deflate',
  'referer' => 'http://www.sm.cn/index/user/login.html',
  'accept' => 'text/html,application/xhtml+xml,application/xml;q=0.9,image/webp,image/apng,*/*;q=0.8,application/signed-exchange;v=b3',
  'user-agent' => 'Mozilla/5.0 (Windows NT 10.0; Win64; x64) AppleWebKit/537.36 (KHTML, like Gecko) Chrome/74.0.3729.169 Safari/537.36',
  'upgrade-insecure-requests' => '1',
  'connection' => 'keep-alive',
  'host' => 'www.sm.cn',
  'content-length' => '',
  'content-type' => '',
)
[ info ] [ PARAM ] array (
  'url' => 'http://www.sm.cn/',
)
[ info ] [ LANG ] D:\www\www.sm.cn\public/../application/index\lang\zh-cn.php
[ info ] [ BEHAVIOR ] Run app\common\behavior\Common @module_init [ RunTime:0.002382s ]
[ info ] [ LANG ] D:\www\www.sm.cn\public/../application/index/lang/zh-cn/user.php
[ info ] [ RUN ] app\index\controller\User->register[ D:\www\www.sm.cn\application\index\controller\User.php ]
[ info ] [ VIEW ] D:\www\www.sm.cn\public/../application/index\view\user\register.html [ array (
  0 => 'user',
  1 => 'site',
  2 => 'config',
  3 => 'url',
  4 => 'manage_id',
  5 => 'title',
) ]
[ info ] [ SESSION ] INIT array (
  'id' => '',
  'var_session_id' => '',
  'prefix' => 'think',
  'type' => '',
  'auto_start' => true,
)
[ info ] [ LOG ] INIT File
---------------------------------------------------------------
[ 2019-11-19T10:05:25+08:00 ] 127.0.0.1 GET www.sm.cn/index/ajax/lang?callback=define&controllername=user&v=1574129121
[运行时间：0.086037s] [吞吐率：11.62req/s] [内存消耗：2,873.99kb] [文件加载：126]
[ info ] [ BEHAVIOR ] Run Closure @app_init [ RunTime:0.000038s ]
[ info ] [ CACHE ] INIT File
[ info ] [ BEHAVIOR ] Run Closure @app_init [ RunTime:0.006009s ]
[ info ] [ LANG ] D:\www\www.sm.cn\thinkphp\lang\zh-cn.php
[ info ] [ ROUTE ] array (
  'type' => 'module',
  'module' => 
  array (
    0 => 'index',
    1 => 'ajax',
    2 => 'lang',
  ),
)
[ info ] [ HEADER ] array (
  'cookie' => 'Hm_lvt_f8d0a8c400404989e195270b0bbf060a=1573630387,1573717441; thinkphp_show_page_trace=0|0; PHPSESSID=eh12aamnefbm3rb90g6itvhms2',
  'accept-language' => 'zh-CN,zh;q=0.9',
  'accept-encoding' => 'gzip, deflate',
  'referer' => 'http://www.sm.cn/index/user/register.html?url=http%3A%2F%2Fwww.sm.cn%2F',
  'accept' => '*/*',
  'user-agent' => 'Mozilla/5.0 (Windows NT 10.0; Win64; x64) AppleWebKit/537.36 (KHTML, like Gecko) Chrome/74.0.3729.169 Safari/537.36',
  'connection' => 'keep-alive',
  'host' => 'www.sm.cn',
  'content-length' => '',
  'content-type' => '',
)
[ info ] [ PARAM ] array (
  'callback' => 'define',
  'controllername' => 'user',
  'v' => '1574129121',
)
[ info ] [ LANG ] D:\www\www.sm.cn\public/../application/index\lang\zh-cn.php
[ info ] [ BEHAVIOR ] Run app\common\behavior\Common @module_init [ RunTime:0.003187s ]
[ info ] [ LANG ] D:\www\www.sm.cn\public/../application/index/lang/zh-cn/ajax.php
[ info ] [ RUN ] app\index\controller\Ajax->lang[ D:\www\www.sm.cn\application\index\controller\Ajax.php ]
[ info ] [ LANG ] D:\www\www.sm.cn\public/../application/index/lang/zh-cn/user.php
[ info ] [ LOG ] INIT File
