---------------------------------------------------------------
[ 2019-11-22T09:48:29+08:00 ] 127.0.0.1 GET www.sm.cn/
[运行时间：4.805204s] [吞吐率：0.21req/s] [内存消耗：3,829.20kb] [文件加载：137]
[ info ] [ BEHAVIOR ] Run Closure @app_init [ RunTime:0.031565s ]
[ info ] [ CACHE ] INIT File
[ info ] [ BEHAVIOR ] Run \addons\cms\Cms @app_init [ RunTime:0.042248s ]
[ info ] [ BEHAVIOR ] Run Closure @app_init [ RunTime:0.042409s ]
[ info ] [ LANG ] D:\www\www.sm.cn\thinkphp\lang\zh-cn.php
[ info ] [ ROUTE ] array (
  'type' => 'module',
  'module' => 
  array (
    0 => '',
    1 => NULL,
    2 => NULL,
  ),
)
[ info ] [ HEADER ] array (
  'cookie' => 'uid=2; token=b2d98ed7-6622-4a95-a68f-ac68c043c92a; Hm_lvt_f8d0a8c400404989e195270b0bbf060a=1573630387,1573717441,1574303154',
  'accept-language' => 'zh-CN,zh;q=0.9',
  'accept-encoding' => 'gzip, deflate',
  'purpose' => 'prefetch',
  'accept' => 'text/html,application/xhtml+xml,application/xml;q=0.9,image/webp,image/apng,*/*;q=0.8,application/signed-exchange;v=b3',
  'user-agent' => 'Mozilla/5.0 (Windows NT 10.0; Win64; x64) AppleWebKit/537.36 (KHTML, like Gecko) Chrome/74.0.3729.169 Safari/537.36',
  'upgrade-insecure-requests' => '1',
  'connection' => 'keep-alive',
  'host' => 'www.sm.cn',
  'content-length' => '',
  'content-type' => '',
)
[ info ] [ PARAM ] array (
)
[ info ] [ LANG ] D:\www\www.sm.cn\public/../application/index\lang\zh-cn.php
[ info ] [ BEHAVIOR ] Run app\common\behavior\Common @module_init [ RunTime:0.083268s ]
[ info ] [ TOKEN ] INIT Mysql
[ info ] [ DB ] INIT mysql
[ info ] [ LANG ] D:\www\www.sm.cn\public/../application/index/lang/zh-cn/index.php
[ info ] [ RUN ] app\index\controller\Index->index[ D:\www\www.sm.cn\application\index\controller\Index.php ]
[ info ] [ VIEW ] D:\www\www.sm.cn\public/../application/index\view\index\index.html [ array (
  0 => 'user',
  1 => 'site',
  2 => 'config',
) ]
[ info ] [ BEHAVIOR ] Run \addons\cms\Cms @response_send [ RunTime:0.000197s ]
[ info ] [ LOG ] INIT File
[ sql ] [ DB ] CONNECT:[ UseTime:0.221996s ] mysql:host=127.0.0.1;dbname=sm_cn;charset=utf8
[ sql ] [ SQL ] SHOW COLUMNS FROM `ty_user_token` [ RunTime:2.321642s ]
[ sql ] [ SQL ] SELECT * FROM `ty_user_token` WHERE  `token` = '30bdbb420202247889a41af543582984b38a1b39' LIMIT 1 [ RunTime:0.431192s ]
[ sql ] [ SQL ] SHOW COLUMNS FROM `ty_user` [ RunTime:0.053246s ]
[ sql ] [ SQL ] SELECT * FROM `ty_user` WHERE  `id` = 2 LIMIT 1 [ RunTime:0.002578s ]
---------------------------------------------------------------
[ 2019-11-22T09:48:29+08:00 ] 127.0.0.1 GET www.sm.cn/
[运行时间：0.104974s] [吞吐率：9.53req/s] [内存消耗：3,828.98kb] [文件加载：137]
[ info ] [ BEHAVIOR ] Run Closure @app_init [ RunTime:0.000028s ]
[ info ] [ CACHE ] INIT File
[ info ] [ BEHAVIOR ] Run \addons\cms\Cms @app_init [ RunTime:0.003295s ]
[ info ] [ BEHAVIOR ] Run Closure @app_init [ RunTime:0.003330s ]
[ info ] [ LANG ] D:\www\www.sm.cn\thinkphp\lang\zh-cn.php
[ info ] [ ROUTE ] array (
  'type' => 'module',
  'module' => 
  array (
    0 => '',
    1 => NULL,
    2 => NULL,
  ),
)
[ info ] [ HEADER ] array (
  'cookie' => 'uid=2; token=b2d98ed7-6622-4a95-a68f-ac68c043c92a; Hm_lvt_f8d0a8c400404989e195270b0bbf060a=1573630387,1573717441,1574303154',
  'accept-language' => 'zh-CN,zh;q=0.9',
  'accept-encoding' => 'gzip, deflate',
  'accept' => 'text/html,application/xhtml+xml,application/xml;q=0.9,image/webp,image/apng,*/*;q=0.8,application/signed-exchange;v=b3',
  'user-agent' => 'Mozilla/5.0 (Windows NT 10.0; Win64; x64) AppleWebKit/537.36 (KHTML, like Gecko) Chrome/74.0.3729.169 Safari/537.36',
  'upgrade-insecure-requests' => '1',
  'connection' => 'keep-alive',
  'host' => 'www.sm.cn',
  'content-length' => '',
  'content-type' => '',
)
[ info ] [ PARAM ] array (
)
[ info ] [ LANG ] D:\www\www.sm.cn\public/../application/index\lang\zh-cn.php
[ info ] [ BEHAVIOR ] Run app\common\behavior\Common @module_init [ RunTime:0.001993s ]
[ info ] [ TOKEN ] INIT Mysql
[ info ] [ DB ] INIT mysql
[ info ] [ LANG ] D:\www\www.sm.cn\public/../application/index/lang/zh-cn/index.php
[ info ] [ RUN ] app\index\controller\Index->index[ D:\www\www.sm.cn\application\index\controller\Index.php ]
[ info ] [ VIEW ] D:\www\www.sm.cn\public/../application/index\view\index\index.html [ array (
  0 => 'user',
  1 => 'site',
  2 => 'config',
) ]
[ info ] [ BEHAVIOR ] Run \addons\cms\Cms @response_send [ RunTime:0.000085s ]
[ info ] [ LOG ] INIT File
[ sql ] [ DB ] CONNECT:[ UseTime:0.001252s ] mysql:host=127.0.0.1;dbname=sm_cn;charset=utf8
[ sql ] [ SQL ] SHOW COLUMNS FROM `ty_user_token` [ RunTime:0.001915s ]
[ sql ] [ SQL ] SELECT * FROM `ty_user_token` WHERE  `token` = '30bdbb420202247889a41af543582984b38a1b39' LIMIT 1 [ RunTime:0.000540s ]
[ sql ] [ SQL ] SHOW COLUMNS FROM `ty_user` [ RunTime:0.002283s ]
[ sql ] [ SQL ] SELECT * FROM `ty_user` WHERE  `id` = 2 LIMIT 1 [ RunTime:0.000721s ]
